<?xml version="1.0" encoding="UTF-8"?>
<!-- Generated by org.testng.reporters.JUnitReportReporter -->
<testsuite hostname="SC-HTW8VZ1" name="com.identity.tests.VehicleDetailCheck" tests="1" failures="0" timestamp="24 Aug 2017 16:27:47 GMT" time="54.865" errors="0">
  <testcase name="assertVehicleInfo" time="54.865" classname="com.identity.tests.VehicleDetailCheck"/>
</testsuite> <!-- com.identity.tests.VehicleDetailCheck -->
